0 info it worked if it ends with ok
1 verbose cli [ '/home/dave/.nvm/v0.11.13/bin/node',
1 verbose cli   '/home/dave/.nvm/v0.11.13/bin/npm',
1 verbose cli   'publish' ]
2 info using npm@1.4.9
3 info using node@v0.11.13
4 verbose publish [ '.' ]
5 verbose cache add [ '.', null ]
6 verbose cache add name=undefined spec="." args=[".",null]
7 verbose parsed url { protocol: null,
7 verbose parsed url   slashes: null,
7 verbose parsed url   auth: null,
7 verbose parsed url   host: null,
7 verbose parsed url   port: null,
7 verbose parsed url   hostname: null,
7 verbose parsed url   hash: null,
7 verbose parsed url   search: null,
7 verbose parsed url   query: null,
7 verbose parsed url   pathname: '.',
7 verbose parsed url   path: '.',
7 verbose parsed url   href: '.' }
8 silly lockFile 3a52ce78- .
9 verbose lock . /home/dave/.npm/3a52ce78-.lock
10 verbose tar pack [ '/home/dave/tmp/npm-30936-kSg4gw-H/1411047384019-0.6530805004294962/tmp.tgz',
10 verbose tar pack   '.' ]
11 verbose tarball /home/dave/tmp/npm-30936-kSg4gw-H/1411047384019-0.6530805004294962/tmp.tgz
12 verbose folder .
13 info prepublish har-summary@0.1.1
14 silly lockFile 1f1177db-tar tar://.
15 verbose lock tar://. /home/dave/.npm/1f1177db-tar.lock
16 silly lockFile b89f9afc-84019-0-6530805004294962-tmp-tgz tar:///home/dave/tmp/npm-30936-kSg4gw-H/1411047384019-0.6530805004294962/tmp.tgz
17 verbose lock tar:///home/dave/tmp/npm-30936-kSg4gw-H/1411047384019-0.6530805004294962/tmp.tgz /home/dave/.npm/b89f9afc-84019-0-6530805004294962-tmp-tgz.lock
18 silly lockFile 1f1177db-tar tar://.
19 silly lockFile 1f1177db-tar tar://.
20 silly lockFile b89f9afc-84019-0-6530805004294962-tmp-tgz tar:///home/dave/tmp/npm-30936-kSg4gw-H/1411047384019-0.6530805004294962/tmp.tgz
21 silly lockFile b89f9afc-84019-0-6530805004294962-tmp-tgz tar:///home/dave/tmp/npm-30936-kSg4gw-H/1411047384019-0.6530805004294962/tmp.tgz
22 verbose tar unpack /home/dave/tmp/npm-30936-kSg4gw-H/1411047384019-0.6530805004294962/tmp.tgz
23 silly lockFile 7f0c9692-ve-npm-har-summary-0-1-1-package tar:///home/dave/.npm/har-summary/0.1.1/package
24 verbose lock tar:///home/dave/.npm/har-summary/0.1.1/package /home/dave/.npm/7f0c9692-ve-npm-har-summary-0-1-1-package.lock
25 silly lockFile b89f9afc-84019-0-6530805004294962-tmp-tgz tar:///home/dave/tmp/npm-30936-kSg4gw-H/1411047384019-0.6530805004294962/tmp.tgz
26 verbose lock tar:///home/dave/tmp/npm-30936-kSg4gw-H/1411047384019-0.6530805004294962/tmp.tgz /home/dave/.npm/b89f9afc-84019-0-6530805004294962-tmp-tgz.lock
27 silly gunzTarPerm modes [ '755', '644' ]
28 silly gunzTarPerm extractEntry package.json
29 silly gunzTarPerm extractEntry .npmignore
30 silly gunzTarPerm extractEntry README.md
31 silly gunzTarPerm extractEntry LICENSE
32 silly gunzTarPerm extractEntry Gruntfile.coffee
33 silly gunzTarPerm extractEntry bin/har-summary
34 silly gunzTarPerm extractEntry lib/callCountProcessor.js
35 silly gunzTarPerm extractEntry lib/harSummary.js
36 silly gunzTarPerm extractEntry lib/inputSummary.js
37 silly gunzTarPerm extractEntry lib/main.js
38 silly gunzTarPerm extractEntry lib/metaProcessor.js
39 silly gunzTarPerm extractEntry lib/test.js
40 silly gunzTarPerm extractEntry lib/yslowProcessor.js
41 silly gunzTarPerm extractEntry lib/entryProcessors/jsProcessor.js
42 silly gunzTarPerm extractEntry lib/entryProcessors/mimTypeProcessor.js
43 silly gunzTarPerm extractEntry lib/entryProcessors/mimeTypeProcessor.js
44 silly gunzTarPerm extractEntry lib/entryProcessors/requestProcessor.js
45 silly gunzTarPerm extractEntry lib/harProcessors/jsProcessor.js
46 silly gunzTarPerm extractEntry lib/pageProcessors/callCountProcessor.js
47 silly gunzTarPerm extractEntry lib/pageProcessors/cookiesProcessor.js
48 silly gunzTarPerm extractEntry lib/pageProcessors/metaProcessor.js
49 silly gunzTarPerm extractEntry lib/pageProcessors/yslowProcessor.js
50 silly gunzTarPerm extractEntry src/lib/entryProcessors/mimeTypeProcessor.coffee
51 silly gunzTarPerm extractEntry src/lib/entryProcessors/requestProcessor.coffee
52 silly gunzTarPerm extractEntry src/lib/harSummary.coffee
53 silly gunzTarPerm extractEntry src/lib/inputSummary.coffee
54 silly gunzTarPerm extractEntry src/lib/main.coffee
55 silly gunzTarPerm extractEntry src/lib/pageProcessors/callCountProcessor.coffee
56 silly gunzTarPerm extractEntry src/lib/pageProcessors/cookiesProcessor.coffee
57 silly gunzTarPerm extractEntry src/lib/pageProcessors/metaProcessor.coffee
58 silly gunzTarPerm extractEntry src/lib/pageProcessors/yslowProcessor.coffee
59 silly lockFile 7f0c9692-ve-npm-har-summary-0-1-1-package tar:///home/dave/.npm/har-summary/0.1.1/package
60 silly lockFile 7f0c9692-ve-npm-har-summary-0-1-1-package tar:///home/dave/.npm/har-summary/0.1.1/package
61 silly lockFile b89f9afc-84019-0-6530805004294962-tmp-tgz tar:///home/dave/tmp/npm-30936-kSg4gw-H/1411047384019-0.6530805004294962/tmp.tgz
62 silly lockFile b89f9afc-84019-0-6530805004294962-tmp-tgz tar:///home/dave/tmp/npm-30936-kSg4gw-H/1411047384019-0.6530805004294962/tmp.tgz
63 silly lockFile 3a52ce78- .
64 silly lockFile 3a52ce78- .
65 silly publish { name: 'har-summary',
65 silly publish   description: 'Utility to summarise yslow and extra component information from a HAR file',
65 silly publish   author: { name: 'Dave Archer' },
65 silly publish   version: '0.1.1',
65 silly publish   repository:
65 silly publish    { url: 'git@github.com:furybyname/har-summary.git',
65 silly publish      type: 'git' },
65 silly publish   main: './lib/main',
65 silly publish   bin: { 'har-summary': './bin/har-summary' },
65 silly publish   dependencies:
65 silly publish    { grunt: '~0.4.2',
65 silly publish      'grunt-cli': '*',
65 silly publish      'grunt-contrib-watch': '*',
65 silly publish      'grunt-contrib-coffee': '*',
65 silly publish      lodash: '*',
65 silly publish      moment: '*',
65 silly publish      yslow: '*',
65 silly publish      jsdom: '*' },
65 silly publish   engines: { node: '*' },
65 silly publish   readme: 'har-summary\n===========\n\nUtility to summarise component information from a HAR file\n\nUses yslow and custom processing to output a summary (only) of HAR files generated by e.g Chrome.\n\n### Installation\n\n    npm install -g har-summary\n    \n### Usage \n\n    har-summary <filename> [<configFilename>]\n    \n### Config file\n\nJSON file to support input from multiple har files representing different page loads.\n\n* "pages" : an array of page objects\n* page object\n    * Properties\n        * "id" : Must match the url of the first request object in the HAR file. This is used to reference e.g the cdn details\n        * "cdn" : object with "internal" and "external" string arrays representing known cdn\'s\n\n#### Example\n\n    {\n        "pages" : [\n        {\n            "id" : "http://www.somesite.com",\n            "cdn": {\n                "internal": ["http://static.somesite.com"]\n            }\n        }\n        ]\n    }\n    \n### Sample output\n\n\n    {\n    \n    "yslow": {\n    \n        "stats": {\n        \n            "totalWeight": 902730,\n            \n            "totalRequests_excludingRedirects": 123,\n            \n            "documents": {\n            \n                "requests": 7,\n                \n                "weight": 41594\n                \n            },\n            \n            "css": {\n            \n                "requests": 4,\n                \n                "weight": 37261\n                \n            },\n            \n            "javascript": {\n            \n                "requests": 55,\n                \n                "weight": 555275\n                \n            },\n            \n            "cssImages": {\n            \n                "requests": 5,\n                \n                "weight": 70720\n                \n            },\n            \n            "json": {\n            \n                "requests": 2,\n                \n                "weight": 27586\n                \n            },\n            \n            "flash": {\n            \n                "requests": 2,\n                \n                "weight": 160282\n                \n            },\n            \n            "redirects": {\n            \n                "requests": 8,\n                \n                "weight": 933\n                \n            }\n            \n        }\n        \n    },\n    \n    "summary": {\n    \n        "requestCount": {\n        \n            "internal": 20,\n            \n            "external": 108\n            \n        },\n        \n        "relativeToPageLoad": {\n        \n            "total": {\n            \n                "before": 68,\n                \n                "after": 60\n                \n            },\n            \n            "internal": {\n            \n                "before": 20,\n                \n                "after": 0\n                \n            },\n            \n            "external": {\n            \n                "before": 48,\n                \n                "after": 60\n                \n            }\n            \n        }\n        \n        }\n    }\n    \n### Remarks\n\nThere is a discrepancy between the total requests reported by yslow and the sum of custom internal and external requests.  I "think" this is because yslow is not counting redirects for resources.  That\'s just a guess though.',
65 silly publish   readmeFilename: 'README.md',
65 silly publish   bugs: { url: 'https://github.com/furybyname/har-summary/issues' },
65 silly publish   homepage: 'https://github.com/furybyname/har-summary',
65 silly publish   _id: 'har-summary@0.1.1',
65 silly publish   _shasum: '458de8373b9680683a9d2dd0a2cda48ee07a2f94',
65 silly publish   _from: '.' }
66 verbose url raw har-summary
67 verbose url resolving [ 'https://registry.npmjs.org/', './har-summary' ]
68 verbose url resolved https://registry.npmjs.org/har-summary
69 info trying registry request attempt 1 at 14:36:24
70 http PUT https://registry.npmjs.org/har-summary
71 http 403 https://registry.npmjs.org/har-summary
72 verbose headers { date: 'Thu, 18 Sep 2014 13:36:31 GMT',
72 verbose headers   server: 'CouchDB/1.5.0 (Erlang OTP/R14B04)',
72 verbose headers   'content-type': 'application/json',
72 verbose headers   'cache-control': 'max-age=60',
72 verbose headers   'content-length': '6835',
72 verbose headers   'accept-ranges': 'bytes',
72 verbose headers   via: '1.1 varnish',
72 verbose headers   'x-served-by': 'cache-ams4125-AMS',
72 verbose headers   'x-cache': 'MISS',
72 verbose headers   'x-cache-hits': '0',
72 verbose headers   'x-timer': 'S1411047390.968438,VS0,VE655',
72 verbose headers   connection: 'close' }
73 error publish Failed PUT 403
74 error Error: forbidden cannot modify pre-existing version: 0.1.1
74 error old={"name":"har-summary","description":"Utility to summarise yslow and extra component information from a HAR file","author":{"name":"Dave Archer"},"version":"0.1.1","repository":{"url":"git@github.com:furybyname/har-summary.git","type":"git"},"main":"./lib/main","bin":{"har-summary":"./bin/har-summary"},"dependencies":{"grunt":"~0.4.2","grunt-cli":"*","grunt-contrib-watch":"*","grunt-contrib-coffee":"*","lodash":"*","moment":"*","yslow":"*","jsdom":"*"},"engines":{"node":"*"},"bugs":{"url":"https://github.com/furybyname/har-summary/issues"},"homepage":"https://github.com/furybyname/har-summary","_id":"har-summary@0.1.1","_shasum":"d0b81f47aa54dea33b2a03699fa2bd388d024981","_from":".","_npmVersion":"1.4.9","_npmUser":{"name":"davearcher","email":"davearcher79@gmail.com"},"maintainers":[{"name":"davearcher","email":"davearcher79@gmail.com"}],"dist":{"shasum":"d0b81f47aa54dea33b2a03699fa2bd388d024981","tarball":"http://registry.npmjs.org/har-summary/-/har-summary-0.1.1.tgz"}}
74 error new={"name":"har-summary","description":"Utility to summarise yslow and extra component information from a HAR file","author":{"name":"Dave Archer"},"version":"0.1.1","repository":{"url":"git@github.com:furybyname/har-summary.git","type":"git"},"main":"./lib/main","bin":{"har-summary":"./bin/har-summary"},"dependencies":{"grunt":"~0.4.2","grunt-cli":"*","grunt-contrib-watch":"*","grunt-contrib-coffee":"*","lodash":"*","moment":"*","yslow":"*","jsdom":"*"},"engines":{"node":"*"},"readme":"har-summary\u000a===========\u000a\u000aUtility to summarise component information from a HAR file\u000a\u000aUses yslow and custom processing to output a summary (only) of HAR files generated by e.g Chrome.\u000a\u000a### Installation\u000a\u000a    npm install -g har-summary\u000a    \u000a### Usage \u000a\u000a    har-summary <filename> [<configFilename>]\u000a    \u000a### Config file\u000a\u000aJSON file to support input from multiple har files representing different page loads.\u000a\u000a* \"pages\" : an array of page objects\u000a* page object\u000a    * Properties\u000a        * \"id\" : Must match the url of the first request object in the HAR file. This is used to reference e.g the cdn details\u000a        * \"cdn\" : object with \"internal\" and \"external\" string arrays representing known cdn's\u000a\u000a#### Example\u000a\u000a    {\u000a        \"pages\" : [\u000a        {\u000a            \"id\" : \"http://www.somesite.com\",\u000a            \"cdn\": {\u000a                \"internal\": [\"http://static.somesite.com\"]\u000a            }\u000a        }\u000a        ]\u000a    }\u000a    \u000a### Sample output\u000a\u000a\u000a    {\u000a    \u000a    \"yslow\": {\u000a    \u000a        \"stats\": {\u000a        \u000a            \"totalWeight\": 902730,\u000a            \u000a            \"totalRequests_excludingRedirects\": 123,\u000a            \u000a            \"documents\": {\u000a            \u000a                \"requests\": 7,\u000a                \u000a                \"weight\": 41594\u000a                \u000a            },\u000a            \u000a            \"css\": {\u000a            \u000a                \"requests\": 4,\u000a                \u000a                \"weight\": 37261\u000a                \u000a            },\u000a            \u000a            \"javascript\": {\u000a            \u000a                \"requests\": 55,\u000a                \u000a                \"weight\": 555275\u000a                \u000a            },\u000a            \u000a            \"cssImages\": {\u000a            \u000a                \"requests\": 5,\u000a                \u000a                \"weight\": 70720\u000a                \u000a            },\u000a            \u000a            \"json\": {\u000a            \u000a                \"requests\": 2,\u000a                \u000a                \"weight\": 27586\u000a                \u000a            },\u000a            \u000a            \"flash\": {\u000a            \u000a                \"requests\": 2,\u000a                \u000a                \"weight\": 160282\u000a                \u000a            },\u000a            \u000a            \"redirects\": {\u000a            \u000a                \"requests\": 8,\u000a                \u000a                \"weight\": 933\u000a                \u000a            }\u000a            \u000a        }\u000a        \u000a    },\u000a    \u000a    \"summary\": {\u000a    \u000a        \"requestCount\": {\u000a        \u000a            \"internal\": 20,\u000a            \u000a            \"external\": 108\u000a            \u000a        },\u000a        \u000a        \"relativeToPageLoad\": {\u000a        \u000a            \"total\": {\u000a            \u000a                \"before\": 68,\u000a                \u000a                \"after\": 60\u000a                \u000a            },\u000a            \u000a            \"internal\": {\u000a            \u000a                \"before\": 20,\u000a                \u000a                \"after\": 0\u000a                \u000a            },\u000a            \u000a            \"external\": {\u000a            \u000a                \"before\": 48,\u000a                \u000a                \"after\": 60\u000a                \u000a            }\u000a            \u000a        }\u000a        \u000a        }\u000a    }\u000a    \u000a### Remarks\u000a\u000aThere is a discrepancy between the total requests reported by yslow and the sum of custom internal and external requests.  I \"think\" this is because yslow is not counting redirects for resources.  That's just a guess though.","readmeFilename":"README.md","bugs":{"url":"https://github.com/furybyname/har-summary/issues"},"homepage":"https://github.com/furybyname/har-summary","_id":"har-summary@0.1.1","_shasum":"458de8373b9680683a9d2dd0a2cda48ee07a2f94","_from":".","_npmVersion":"1.4.9","_npmUser":{"name":"davearcher","email":"davearcher79@gmail.com"},"maintainers":[{"name":"davearcher","email":"davearcher79@gmail.com"}],"dist":{"shasum":"458de8373b9680683a9d2dd0a2cda48ee07a2f94","tarball":"http://registry.npmjs.org/har-summary/-/har-summary-0.1.1.tgz"}}: har-summary
74 error     at RegClient.<anonymous> (/home/dave/.nvm/v0.11.13/lib/node_modules/npm/node_modules/npm-registry-client/lib/request.js:273:14)
74 error     at Request._callback (/home/dave/.nvm/v0.11.13/lib/node_modules/npm/node_modules/npm-registry-client/lib/request.js:211:65)
74 error     at Request.self.callback (/home/dave/.nvm/v0.11.13/lib/node_modules/npm/node_modules/request/request.js:123:22)
74 error     at Request.EventEmitter.emit (events.js:110:17)
74 error     at Request.<anonymous> (/home/dave/.nvm/v0.11.13/lib/node_modules/npm/node_modules/request/request.js:893:14)
74 error     at Request.EventEmitter.emit (events.js:129:20)
74 error     at IncomingMessage.<anonymous> (/home/dave/.nvm/v0.11.13/lib/node_modules/npm/node_modules/request/request.js:844:12)
74 error     at IncomingMessage.EventEmitter.emit (events.js:129:20)
74 error     at _stream_readable.js:898:16
74 error     at process._tickCallback (node.js:343:11)
75 error If you need help, you may report this *entire* log,
75 error including the npm and node versions, at:
75 error     <http://github.com/npm/npm/issues>
76 error System Linux 3.13.0-24-generic
77 error command "/home/dave/.nvm/v0.11.13/bin/node" "/home/dave/.nvm/v0.11.13/bin/npm" "publish"
78 error cwd /home/dave/projects/har-summary
79 error node -v v0.11.13
80 error npm -v 1.4.9
81 verbose exit [ 1, true ]
